<?xml version="1.0" encoding="UTF-8"?>
<!-- Generated by org.testng.reporters.JUnitXMLReporter -->
<testsuite ignored="0" hostname="Hariprajaa-B-F7NWG6XVT0.local" failures="0" tests="1" name="Amazon End To End Test" time="0.388" errors="0" timestamp="2026-09-10T19:18:10 IST">
  <testcase classname="tests.AmazonEndToEndTest" name="@BeforeClass setUp" time="0.372">
    <failure type="org.openqa.selenium.SessionNotCreatedException" message="Could not start a new session. Possible causes are invalid address of the remote server or browser start-up failure. 
Host info: host: &amp;apos;Hariprajaa-B-F7NWG6XVT0.local&amp;apos;, ip: &amp;apos;fe80:0:0:0:149d:e848:ce02:9fe2%en0&amp;apos;">
      <![CDATA[org.openqa.selenium.SessionNotCreatedException: Could not start a new session. Possible causes are invalid address of the remote server or browser start-up failure. 
Host info: host: 'Hariprajaa-B-F7NWG6XVT0.local', ip: 'fe80:0:0:0:149d:e848:ce02:9fe2%en0'
at org.openqa.selenium.remote.RemoteWebDriver.execute(RemoteWebDriver.java:562)
at org.openqa.selenium.remote.RemoteWebDriver.startSession(RemoteWebDriver.java:244)
at org.openqa.selenium.remote.RemoteWebDriver.<init>(RemoteWebDriver.java:173)
at org.openqa.selenium.safari.SafariDriver.<init>(SafariDriver.java:84)
at org.openqa.selenium.safari.SafariDriver.<init>(SafariDriver.java:80)
at org.openqa.selenium.safari.SafariDriver.<init>(SafariDriver.java:57)
at org.openqa.selenium.safari.SafariDriver.<init>(SafariDriver.java:48)
at tests.AmazonEndToEndTest.setUp(AmazonEndToEndTest.java:21)
at java.base/java.util.ArrayList.forEach(ArrayList.java:1604)
Caused by: org.openqa.selenium.WebDriverException: Driver server process died prematurely, exit value: 1
Build info: version: '4.34.0', revision: '707dcb4246*'
System info: os.name: 'Mac OS X', os.arch: 'aarch64', os.version: '26.0.1', java.version: '25.0.1'
Driver info: driver.version: SafariDriver
at org.openqa.selenium.remote.service.DriverService.start(DriverService.java:253)
at org.openqa.selenium.remote.service.DriverCommandExecutor.execute(DriverCommandExecutor.java:117)
at org.openqa.selenium.remote.RemoteWebDriver.execute(RemoteWebDriver.java:544)
... 35 more
... Removed 27 stack frames]]>
    </failure>
  </testcase> <!-- @BeforeClass setUp -->
  <testcase classname="tests.AmazonEndToEndTest" name="@AfterClass tearDown" time="0.0">
    <skipped/>
  </testcase> <!-- @AfterClass tearDown -->
  <testcase classname="tests.AmazonEndToEndTest" name="amazonPurchaseFlow" time="0.0">
    <skipped/>
  </testcase> <!-- amazonPurchaseFlow -->
</testsuite> <!-- Amazon End To End Test -->
