<?xml version="1.0" encoding="UTF-8"?>
<!-- Generated by org.testng.reporters.JUnitReportReporter -->
<testsuite hostname="Hariprajaa-B-F7NWG6XVT0.local" failures="0" tests="2" name="tests.AmazonEndToEndTest" time="0.372" errors="1" timestamp="2026-09-10T19:18:10 IST" skipped="1">
  <testcase classname="tests.AmazonEndToEndTest" name="setUp" time="0.372">
    <error message="Could not start a new session. Possible causes are invalid address of the remote server or browser start-up failure. 
Host info: host: &#039;Hariprajaa-B-F7NWG6XVT0.local&#039;, ip: &#039;fe80:0:0:0:149d:e848:ce02:9fe2%en0&#039;" type="org.openqa.selenium.SessionNotCreatedException">
      <![CDATA[org.openqa.selenium.SessionNotCreatedException: Could not start a new session. Possible causes are invalid address of the remote server or browser start-up failure. 
Host info: host: 'Hariprajaa-B-F7NWG6XVT0.local', ip: 'fe80:0:0:0:149d:e848:ce02:9fe2%en0'
at org.openqa.selenium.remote.RemoteWebDriver.execute(RemoteWebDriver.java:562)
at org.openqa.selenium.remote.RemoteWebDriver.startSession(RemoteWebDriver.java:244)
at org.openqa.selenium.remote.RemoteWebDriver.<init>(RemoteWebDriver.java:173)
at org.openqa.selenium.safari.SafariDriver.<init>(SafariDriver.java:84)
at org.openqa.selenium.safari.SafariDriver.<init>(SafariDriver.java:80)
at org.openqa.selenium.safari.SafariDriver.<init>(SafariDriver.java:57)
at org.openqa.selenium.safari.SafariDriver.<init>(SafariDriver.java:48)
at tests.AmazonEndToEndTest.setUp(AmazonEndToEndTest.java:21)
at java.base/jdk.internal.reflect.DirectMethodHandleAccessor.invoke(DirectMethodHandleAccessor.java:104)
at java.base/java.lang.reflect.Method.invoke(Method.java:565)
at org.testng.internal.invokers.MethodInvocationHelper.invokeMethod(MethodInvocationHelper.java:141)
at org.testng.internal.invokers.MethodInvocationHelper.invokeMethodConsideringTimeout(MethodInvocationHelper.java:71)
at org.testng.internal.invokers.ConfigInvoker.invokeConfigurationMethod(ConfigInvoker.java:400)
at org.testng.internal.invokers.ConfigInvoker.invokeConfigurations(ConfigInvoker.java:333)
at org.testng.internal.invokers.TestMethodWorker.invokeBeforeClassMethods(TestMethodWorker.java:188)
at org.testng.internal.invokers.TestMethodWorker.run(TestMethodWorker.java:128)
at java.base/java.util.ArrayList.forEach(ArrayList.java:1604)
at org.testng.TestRunner.privateRun(TestRunner.java:741)
at org.testng.TestRunner.run(TestRunner.java:616)
at org.testng.SuiteRunner.runTest(SuiteRunner.java:421)
at org.testng.SuiteRunner.runSequentially(SuiteRunner.java:413)
at org.testng.SuiteRunner.privateRun(SuiteRunner.java:373)
at org.testng.SuiteRunner.run(SuiteRunner.java:312)
at org.testng.SuiteRunnerWorker.runSuite(SuiteRunnerWorker.java:52)
at org.testng.SuiteRunnerWorker.run(SuiteRunnerWorker.java:95)
at org.testng.TestNG.runSuitesSequentially(TestNG.java:1274)
at org.testng.TestNG.runSuitesLocally(TestNG.java:1208)
at org.testng.TestNG.runSuites(TestNG.java:1112)
at org.testng.TestNG.run(TestNG.java:1079)
at org.apache.maven.surefire.testng.TestNGExecutor.run(TestNGExecutor.java:308)
at org.apache.maven.surefire.testng.TestNGXmlTestSuite.execute(TestNGXmlTestSuite.java:71)
at org.apache.maven.surefire.testng.TestNGProvider.invoke(TestNGProvider.java:113)
at org.apache.maven.surefire.booter.ForkedBooter.runSuitesInProcess(ForkedBooter.java:385)
at org.apache.maven.surefire.booter.ForkedBooter.execute(ForkedBooter.java:162)
at org.apache.maven.surefire.booter.ForkedBooter.run(ForkedBooter.java:507)
at org.apache.maven.surefire.booter.ForkedBooter.main(ForkedBooter.java:495)
Caused by: org.openqa.selenium.WebDriverException: Driver server process died prematurely, exit value: 1
Build info: version: '4.34.0', revision: '707dcb4246*'
System info: os.name: 'Mac OS X', os.arch: 'aarch64', os.version: '26.0.1', java.version: '25.0.1'
Driver info: driver.version: SafariDriver
at org.openqa.selenium.remote.service.DriverService.start(DriverService.java:253)
at org.openqa.selenium.remote.service.DriverCommandExecutor.execute(DriverCommandExecutor.java:117)
at org.openqa.selenium.remote.RemoteWebDriver.execute(RemoteWebDriver.java:544)
... 35 more
]]>
    </error>
  </testcase> <!-- setUp -->
  <testcase classname="tests.AmazonEndToEndTest" name="amazonPurchaseFlow" time="0.000">
    <skipped/>
  </testcase> <!-- amazonPurchaseFlow -->
</testsuite> <!-- tests.AmazonEndToEndTest -->
